[2026-03-09T12:59:52.191Z] [INFO] Démarrage du tunnel ngrok {"port":3000} (Connexions actives: 0)
[2026-03-09T12:59:52.929Z] [INFO] Tunnel ngrok créé avec succès {"url":"https://jonathon-nondesignative-lyndia.ngrok-free.dev"} (Connexions actives: 0)
[2026-03-09T12:59:52.930Z] [INFO] URL du tunnel sauvegardée dans tunnel.txt {} (Connexions actives: 0)
[2026-03-09T12:59:52.931Z] [ERROR] Erreur lors de la création du tunnel {"error":"listener.on is not a function","stack":"TypeError: listener.on is not a function\n    at createTunnel (D:\\sio2\\domain.js:51:18)"} (Connexions actives: 0)
[2026-03-09T12:59:57.937Z] [INFO] Nouvelle tentative de création du tunnel {} (Connexions actives: 0)
[2026-03-09T12:59:57.939Z] [INFO] Démarrage du tunnel ngrok {"port":3000} (Connexions actives: 0)
[2026-03-09T12:59:58.311Z] [INFO] Tunnel ngrok créé avec succès {"url":"https://jonathon-nondesignative-lyndia.ngrok-free.dev"} (Connexions actives: 0)
[2026-03-09T12:59:58.313Z] [INFO] URL du tunnel sauvegardée dans tunnel.txt {} (Connexions actives: 0)
[2026-03-09T12:59:58.314Z] [ERROR] Erreur lors de la création du tunnel {"error":"listener.on is not a function","stack":"TypeError: listener.on is not a function\n    at createTunnel (D:\\sio2\\domain.js:51:18)"} (Connexions actives: 0)
[2026-03-09T13:00:03.293Z] [INFO] Signal SIGINT reçu - recréation du tunnel {} (Connexions actives: 0)
[2026-03-09T13:00:03.295Z] [INFO] Fermeture de l'ancien tunnel {} (Connexions actives: 0)
[2026-03-09T13:00:03.317Z] [INFO] Nouvelle tentative de création du tunnel {} (Connexions actives: 0)
[2026-03-09T13:00:03.318Z] [INFO] Démarrage du tunnel ngrok {"port":3000} (Connexions actives: 0)
[2026-03-09T13:00:03.338Z] [INFO] Démarrage du tunnel ngrok {"port":3000} (Connexions actives: 0)
[2026-03-09T13:00:03.752Z] [INFO] Tunnel ngrok créé avec succès {"url":"https://jonathon-nondesignative-lyndia.ngrok-free.dev"} (Connexions actives: 0)
[2026-03-09T13:00:03.754Z] [INFO] URL du tunnel sauvegardée dans tunnel.txt {} (Connexions actives: 0)
[2026-03-09T13:00:03.756Z] [ERROR] Erreur lors de la création du tunnel {"error":"listener.on is not a function","stack":"TypeError: listener.on is not a function\n    at createTunnel (D:\\sio2\\domain.js:51:18)"} (Connexions actives: 0)
[2026-03-09T13:00:04.263Z] [INFO] Tunnel ngrok créé avec succès {"url":"https://jonathon-nondesignative-lyndia.ngrok-free.dev"} (Connexions actives: 0)
[2026-03-09T13:00:04.264Z] [INFO] URL du tunnel sauvegardée dans tunnel.txt {} (Connexions actives: 0)
[2026-03-09T13:00:04.265Z] [ERROR] Erreur lors de la création du tunnel {"error":"listener.on is not a function","stack":"TypeError: listener.on is not a function\n    at createTunnel (D:\\sio2\\domain.js:51:18)\n    at async recreateTunnel (D:\\sio2\\domain.js:91:5)"} (Connexions actives: 0)
[2026-03-09T13:00:04.462Z] [INFO] Signal SIGINT reçu - recréation du tunnel {} (Connexions actives: 0)
[2026-03-09T13:00:04.464Z] [INFO] Fermeture de l'ancien tunnel {} (Connexions actives: 0)
[2026-03-09T13:00:04.506Z] [INFO] Démarrage du tunnel ngrok {"port":3000} (Connexions actives: 0)
[2026-03-09T13:00:05.002Z] [INFO] Tunnel ngrok créé avec succès {"url":"https://jonathon-nondesignative-lyndia.ngrok-free.dev"} (Connexions actives: 0)
[2026-03-09T13:00:05.005Z] [INFO] URL du tunnel sauvegardée dans tunnel.txt {} (Connexions actives: 0)
[2026-03-09T13:00:05.007Z] [ERROR] Erreur lors de la création du tunnel {"error":"listener.on is not a function","stack":"TypeError: listener.on is not a function\n    at createTunnel (D:\\sio2\\domain.js:51:18)\n    at async recreateTunnel (D:\\sio2\\domain.js:91:5)"} (Connexions actives: 0)
[2026-03-09T13:00:05.478Z] [INFO] Signal SIGINT reçu - recréation du tunnel {} (Connexions actives: 0)
[2026-03-09T13:00:05.479Z] [INFO] Fermeture de l'ancien tunnel {} (Connexions actives: 0)
[2026-03-09T13:00:05.520Z] [INFO] Démarrage du tunnel ngrok {"port":3000} (Connexions actives: 0)
[2026-03-09T13:00:05.707Z] [INFO] Signal SIGINT reçu - recréation du tunnel {} (Connexions actives: 0)
[2026-03-09T13:00:05.708Z] [INFO] Fermeture de l'ancien tunnel {} (Connexions actives: 0)
[2026-03-09T13:00:05.899Z] [INFO] Signal SIGINT reçu - recréation du tunnel {} (Connexions actives: 0)
[2026-03-09T13:00:05.901Z] [INFO] Fermeture de l'ancien tunnel {} (Connexions actives: 0)
[2026-03-09T13:00:06.030Z] [INFO] Tunnel ngrok créé avec succès {"url":"https://jonathon-nondesignative-lyndia.ngrok-free.dev"} (Connexions actives: 0)
[2026-03-09T13:00:06.032Z] [INFO] URL du tunnel sauvegardée dans tunnel.txt {} (Connexions actives: 0)
[2026-03-09T13:00:06.035Z] [ERROR] Erreur lors de la création du tunnel {"error":"listener.on is not a function","stack":"TypeError: listener.on is not a function\n    at createTunnel (D:\\sio2\\domain.js:51:18)\n    at async recreateTunnel (D:\\sio2\\domain.js:91:5)"} (Connexions actives: 0)
[2026-03-09T13:00:06.123Z] [INFO] Signal SIGINT reçu - recréation du tunnel {} (Connexions actives: 0)
[2026-03-09T13:00:06.124Z] [INFO] Fermeture de l'ancien tunnel {} (Connexions actives: 0)
[2026-03-09T13:00:06.124Z] [WARN] Erreur lors de la fermeture de l'ancien tunnel {"error":"error closing listener: No tunnel found with the ID '878cf4589d36a107feb81f7f833e9234' error_code: ERR_NGROK_333"} (Connexions actives: 0)
[2026-03-09T13:00:06.125Z] [INFO] Démarrage du tunnel ngrok {"port":3000} (Connexions actives: 0)
[2026-03-09T13:00:06.214Z] [WARN] Erreur lors de la fermeture de l'ancien tunnel {"error":"error closing listener: No tunnel found with the ID '878cf4589d36a107feb81f7f833e9234' error_code: ERR_NGROK_333"} (Connexions actives: 0)
[2026-03-09T13:00:06.214Z] [INFO] Démarrage du tunnel ngrok {"port":3000} (Connexions actives: 0)
[2026-03-09T13:00:06.254Z] [INFO] Démarrage du tunnel ngrok {"port":3000} (Connexions actives: 0)
[2026-03-09T13:00:06.672Z] [INFO] Tunnel ngrok créé avec succès {"url":"https://jonathon-nondesignative-lyndia.ngrok-free.dev"} (Connexions actives: 0)
[2026-03-09T13:00:06.673Z] [INFO] URL du tunnel sauvegardée dans tunnel.txt {} (Connexions actives: 0)
[2026-03-09T13:00:06.674Z] [ERROR] Erreur lors de la création du tunnel {"error":"listener.on is not a function","stack":"TypeError: listener.on is not a function\n    at createTunnel (D:\\sio2\\domain.js:51:18)\n    at async recreateTunnel (D:\\sio2\\domain.js:91:5)"} (Connexions actives: 0)
[2026-03-09T13:00:07.178Z] [INFO] Tunnel ngrok créé avec succès {"url":"https://jonathon-nondesignative-lyndia.ngrok-free.dev"} (Connexions actives: 0)
[2026-03-09T13:00:07.178Z] [INFO] URL du tunnel sauvegardée dans tunnel.txt {} (Connexions actives: 0)
[2026-03-09T13:00:07.179Z] [ERROR] Erreur lors de la création du tunnel {"error":"listener.on is not a function","stack":"TypeError: listener.on is not a function\n    at createTunnel (D:\\sio2\\domain.js:51:18)\n    at async recreateTunnel (D:\\sio2\\domain.js:91:5)"} (Connexions actives: 0)
[2026-03-09T13:00:07.893Z] [INFO] Tunnel ngrok créé avec succès {"url":"https://jonathon-nondesignative-lyndia.ngrok-free.dev"} (Connexions actives: 0)
[2026-03-09T13:00:07.895Z] [INFO] URL du tunnel sauvegardée dans tunnel.txt {} (Connexions actives: 0)
[2026-03-09T13:00:07.898Z] [ERROR] Erreur lors de la création du tunnel {"error":"listener.on is not a function","stack":"TypeError: listener.on is not a function\n    at createTunnel (D:\\sio2\\domain.js:51:18)\n    at async recreateTunnel (D:\\sio2\\domain.js:91:5)"} (Connexions actives: 0)
[2026-03-09T13:00:08.761Z] [INFO] Nouvelle tentative de création du tunnel {} (Connexions actives: 0)
[2026-03-09T13:00:08.761Z] [INFO] Démarrage du tunnel ngrok {"port":3000} (Connexions actives: 0)
